Barack Obama

Jim Carey

Hillary Clinton

Jim

Barack Obama

gucci

Mariah Carey

Jake Gellenhall

you
candidate0

Mariah Carey

Jake Gellenhall
Mariah Carey
Hillary Clinton

Jim

Madonna

Jake Gellenhall

Hillary Clinton

gucci

you
gucci
Barack Obama
Jim

Barack Obama
Madonna
candidate0

Jim

Madonna

Barack Obama

gucci

Mariah Carey

Madonna

Barack Obama

Glenn Downing

Glenn Downing

candidate0

Jim Carey

Jake Gellenhall
Barack Obama

Madonna

Madonna

Glenn Downing

Barack Obama

Hillary Clinton

Jake Gellenhall

Jake Gellenhall
Madonna

Jim Carey

Jim

Barack Obama

Glenn Downing

gucci

gucci

Hillary Clinton

Hillary Clinton

Mariah Carey
gucci

Glenn Downing

Madonna

Madonna

Jim

Jim

you

you

gucci

Madonna

you
